28-Feb-2019 17:39:07.768 INFO [main] org.apache.catalina.core.ApplicationContext.log ContextListener: contextInitialized()
28-Feb-2019 17:39:07.769 INFO [main] org.apache.catalina.core.ApplicationContext.log SessionListener: contextInitialized()
28-Feb-2019 17:39:07.771 INFO [main] org.apache.catalina.core.ApplicationContext.log ContextListener: attributeAdded('StockTicker', 'async.Stockticker@1a01ffff')
28-Feb-2019 17:44:57.890 INFO [main] org.apache.catalina.core.ApplicationContext.log ContextListener: contextInitialized()
28-Feb-2019 17:44:57.891 INFO [main] org.apache.catalina.core.ApplicationContext.log SessionListener: contextInitialized()
28-Feb-2019 17:44:57.893 INFO [main] org.apache.catalina.core.ApplicationContext.log ContextListener: attributeAdded('StockTicker', 'async.Stockticker@1a01ffff')
28-Feb-2019 17:44:58.039 INFO [main] org.apache.catalina.core.ApplicationContext.log SessionListener: contextDestroyed()
28-Feb-2019 17:44:58.039 INFO [main] org.apache.catalina.core.ApplicationContext.log ContextListener: contextDestroyed()
28-Feb-2019 17:47:45.647 INFO [main] org.apache.catalina.core.ApplicationContext.log ContextListener: contextInitialized()
28-Feb-2019 17:47:45.648 INFO [main] org.apache.catalina.core.ApplicationContext.log SessionListener: contextInitialized()
28-Feb-2019 17:47:45.649 INFO [main] org.apache.catalina.core.ApplicationContext.log ContextListener: attributeAdded('StockTicker', 'async.Stockticker@1a01ffff')
28-Feb-2019 17:47:45.812 INFO [main] org.apache.catalina.core.ApplicationContext.log SessionListener: contextDestroyed()
28-Feb-2019 17:47:45.812 INFO [main] org.apache.catalina.core.ApplicationContext.log ContextListener: contextDestroyed()
28-Feb-2019 17:50:14.272 INFO [main] org.apache.catalina.core.ApplicationContext.log ContextListener: contextInitialized()
28-Feb-2019 17:50:14.274 INFO [main] org.apache.catalina.core.ApplicationContext.log SessionListener: contextInitialized()
28-Feb-2019 17:50:14.277 INFO [main] org.apache.catalina.core.ApplicationContext.log ContextListener: attributeAdded('StockTicker', 'async.Stockticker@1a01ffff')
28-Feb-2019 17:50:14.446 INFO [main] org.apache.catalina.core.ApplicationContext.log SessionListener: contextDestroyed()
28-Feb-2019 17:50:14.447 INFO [main] org.apache.catalina.core.ApplicationContext.log ContextListener: contextDestroyed()
28-Feb-2019 17:51:42.998 INFO [main] org.apache.catalina.core.ApplicationContext.log SessionListener: contextDestroyed()
28-Feb-2019 17:51:42.998 INFO [main] org.apache.catalina.core.ApplicationContext.log ContextListener: contextDestroyed()
28-Feb-2019 17:52:08.577 INFO [main] org.apache.catalina.core.ApplicationContext.log ContextListener: contextInitialized()
28-Feb-2019 17:52:08.582 INFO [main] org.apache.catalina.core.ApplicationContext.log SessionListener: contextInitialized()
28-Feb-2019 17:52:08.584 INFO [main] org.apache.catalina.core.ApplicationContext.log ContextListener: attributeAdded('StockTicker', 'async.Stockticker@1a01ffff')
28-Feb-2019 17:52:31.675 INFO [http-nio-8080-exec-3] org.apache.catalina.core.ApplicationContext.log Marking servlet [Login] as unavailable
28-Feb-2019 17:52:31.678 SEVERE [http-nio-8080-exec-3] org.apache.catalina.core.StandardWrapperValve.invoke Allocate exception for servlet [Login]
 java.lang.UnsupportedClassVersionError: com/intrx/web/Login has been compiled by a more recent version of the Java Runtime (class file version 54.0), this version of the Java Runtime only recognizes class file versions up to 52.0 (unable to load class [com.intrx.web.Login])
	at org.apache.catalina.loader.WebappClassLoaderBase.findClassInternal(WebappClassLoaderBase.java:2420)
	at org.apache.catalina.loader.WebappClassLoaderBase.findClass(WebappClassLoaderBase.java:863)
	at org.apache.catalina.loader.WebappClassLoaderBase.loadClass(WebappClassLoaderBase.java:1332)
	at org.apache.catalina.loader.WebappClassLoaderBase.loadClass(WebappClassLoaderBase.java:1186)
	at org.apache.catalina.core.DefaultInstanceManager.loadClass(DefaultInstanceManager.java:540)
	at org.apache.catalina.core.DefaultInstanceManager.loadClassMaybePrivileged(DefaultInstanceManager.java:521)
	at org.apache.catalina.core.DefaultInstanceManager.newInstance(DefaultInstanceManager.java:150)
	at org.apache.catalina.core.StandardWrapper.loadServlet(StandardWrapper.java:1031)
	at org.apache.catalina.core.StandardWrapper.allocate(StandardWrapper.java:761)
	at org.apache.catalina.core.StandardWrapperValve.invoke(StandardWrapperValve.java:134)
	at org.apache.catalina.core.StandardContextValve.invoke(StandardContextValve.java:96)
	at org.apache.catalina.authenticator.AuthenticatorBase.invoke(AuthenticatorBase.java:490)
	at org.apache.catalina.core.StandardHostValve.invoke(StandardHostValve.java:139)
	at org.apache.catalina.valves.ErrorReportValve.invoke(ErrorReportValve.java:92)
	at org.apache.catalina.valves.AbstractAccessLogValve.invoke(AbstractAccessLogValve.java:668)
	at org.apache.catalina.core.StandardEngineValve.invoke(StandardEngineValve.java:74)
	at org.apache.catalina.connector.CoyoteAdapter.service(CoyoteAdapter.java:343)
	at org.apache.coyote.http11.Http11Processor.service(Http11Processor.java:408)
	at org.apache.coyote.AbstractProcessorLight.process(AbstractProcessorLight.java:66)
	at org.apache.coyote.AbstractProtocol$ConnectionHandler.process(AbstractProtocol.java:834)
	at org.apache.tomcat.util.net.NioEndpoint$SocketProcessor.doRun(NioEndpoint.java:1415)
	at org.apache.tomcat.util.net.SocketProcessorBase.run(SocketProcessorBase.java:49)
	at java.util.concurrent.ThreadPoolExecutor.runWorker(ThreadPoolExecutor.java:1149)
	at java.util.concurrent.ThreadPoolExecutor$Worker.run(ThreadPoolExecutor.java:624)
	at org.apache.tomcat.util.threads.TaskThread$WrappingRunnable.run(TaskThread.java:61)
	at java.lang.Thread.run(Thread.java:748)

28-Feb-2019 17:52:54.922 INFO [main] org.apache.catalina.core.ApplicationContext.log SessionListener: contextDestroyed()
28-Feb-2019 17:52:54.922 INFO [main] org.apache.catalina.core.ApplicationContext.log ContextListener: contextDestroyed()
28-Feb-2019 17:53:25.147 INFO [main] org.apache.catalina.core.ApplicationContext.log ContextListener: contextInitialized()
28-Feb-2019 17:53:25.148 INFO [main] org.apache.catalina.core.ApplicationContext.log SessionListener: contextInitialized()
28-Feb-2019 17:53:25.149 INFO [main] org.apache.catalina.core.ApplicationContext.log ContextListener: attributeAdded('StockTicker', 'async.Stockticker@1a01ffff')
